DB_DIR_path = /home/oshchakoory/Documents/Databases/SILVA_138.1_SSURef_NR99_tax_silva.fasta
OUTPUT_path = /home/oshchakoory/Documents/Databases
MicroTaxa virtual environment has been activated successfully...
Starting indexing database for sortmerna...  mar. 01 déc. 2020 10:47:54 CET

  Program:     SortMeRNA version 2.0, 29/11/2014
  Copyright:   2012-2015 Bonsai Bioinformatics Research Group:
               LIFL, University Lille 1, CNRS UMR 8022, INRIA Nord-Europe
               OTU-picking extensions and continuing support developed in the Knight Lab,
               BioFrontiers Institute, University of Colorado at Boulder
  Disclaimer:  SortMeRNA comes with ABSOLUTELY NO WARRANTY; without even the
               implied warranty of MERCHANTABILITY or FITNESS FOR A PARTICULAR PURPOSE.
               See the GNU Lesser General Public License for more details.
  Contact:     Evguenia Kopylova, jenya.kopylov@gmail.com 
               Laurent Noé, laurent.noe@lifl.fr
               Hélène Touzet, helene.touzet@lifl.fr


  Parameters summary: 
    K-mer size: 19
    K-mer interval: 1
    Maximum positions to store per unique K-mer: 10000

  Total number of databases to index: 1

  Begin indexing file [0;34m/home/oshchakoory/Documents/Databases/sortmerna_indexed_DB/SILVA_138.1_SSURef_NR99_tax_silva_indexed.complete.fasta[0m under index name [0;34m/home/oshchakoory/Documents/Databases/sortmerna_indexed_DB/SILVA_138.1_SSURef_NR99_tax_silva_indexed.complete[0m: 
  Collecting sequence distribution statistics ..  done  [11.541361 sec]

  start index part # 0: 
    (1/3) building burst tries .. done  [469.755900 sec]
    (2/3) building CMPH hash .. done  [54.180341 sec]
    (3/3) building position lookup tables .. done [3364.310785 sec]
    total number of sequences in this part = 508957
      writing kmer data to /home/oshchakoory/Documents/Databases/sortmerna_indexed_DB/SILVA_138.1_SSURef_NR99_tax_silva_indexed.complete.kmer_0.dat
      writing burst tries to /home/oshchakoory/Documents/Databases/sortmerna_indexed_DB/SILVA_138.1_SSURef_NR99_tax_silva_indexed.complete.bursttrie_0.dat
      writing position lookup table to /home/oshchakoory/Documents/Databases/sortmerna_indexed_DB/SILVA_138.1_SSURef_NR99_tax_silva_indexed.complete.pos_0.dat
      writing nucleotide distribution statistics to /home/oshchakoory/Documents/Databases/sortmerna_indexed_DB/SILVA_138.1_SSURef_NR99_tax_silva_indexed.complete.stats
    done.


  Program:     SortMeRNA version 2.0, 29/11/2014
  Copyright:   2012-2015 Bonsai Bioinformatics Research Group:
               LIFL, University Lille 1, CNRS UMR 8022, INRIA Nord-Europe
               OTU-picking extensions and continuing support developed in the Knight Lab,
               BioFrontiers Institute, University of Colorado at Boulder
  Disclaimer:  SortMeRNA comes with ABSOLUTELY NO WARRANTY; without even the
               implied warranty of MERCHANTABILITY or FITNESS FOR A PARTICULAR PURPOSE.
               See the GNU Lesser General Public License for more details.
  Contact:     Evguenia Kopylova, jenya.kopylov@gmail.com 
               Laurent Noé, laurent.noe@lifl.fr
               Hélène Touzet, helene.touzet@lifl.fr


  Parameters summary: 
    K-mer size: 19
    K-mer interval: 1
    Maximum positions to store per unique K-mer: 10000

  Total number of databases to index: 1

  Begin indexing file [0;34m/home/oshchakoory/Documents/Databases/sortmerna_indexed_DB/SILVA_138.1_SSURef_NR99_tax_silva_indexed.clustered.fasta[0m under index name [0;34m/home/oshchakoory/Documents/Databases/sortmerna_indexed_DB/SILVA_138.1_SSURef_NR99_tax_silva_indexed.clustered[0m: 
  Collecting sequence distribution statistics ..  done  [12.423167 sec]

  start index part # 0: 
    (1/3) building burst tries .. done  [195.988828 sec]
    (2/3) building CMPH hash .. done  [41.612638 sec]
    (3/3) building position lookup tables .. done [1248.811285 sec]
    total number of sequences in this part = 204517
      writing kmer data to /home/oshchakoory/Documents/Databases/sortmerna_indexed_DB/SILVA_138.1_SSURef_NR99_tax_silva_indexed.clustered.kmer_0.dat
      writing burst tries to /home/oshchakoory/Documents/Databases/sortmerna_indexed_DB/SILVA_138.1_SSURef_NR99_tax_silva_indexed.clustered.bursttrie_0.dat
      writing position lookup table to /home/oshchakoory/Documents/Databases/sortmerna_indexed_DB/SILVA_138.1_SSURef_NR99_tax_silva_indexed.clustered.pos_0.dat
      writing nucleotide distribution statistics to /home/oshchakoory/Documents/Databases/sortmerna_indexed_DB/SILVA_138.1_SSURef_NR99_tax_silva_indexed.clustered.stats
    done.


#################################
    MATAM db pre-processing
#################################

CMD: /home/oshchakoory/miniconda3/envs/MicroTaxa_py36/opt/matam-1.6.0/scripts/matam_db_preprocessing.py --verbose --cpu 8 --max_memory 10000 --max_consecutive_n 5 --clustering_id_threshold 0.97 --out_db_name SILVA_138.1_SSURef_NR99_tax_silva_indexed --db_dir /home/oshchakoory/Documents/Databases/sortmerna_indexed_DB --input_ref /home/oshchakoory/Documents/Databases/SILVA_138.1_SSURef_NR99_tax_silva.fasta



Output MATAM db: /home/oshchakoory/Documents/Databases/sortmerna_indexed_DB/SILVA_138.1_SSURef_NR99_tax_silva_indexed


matam_db_preprocessing.py terminated with no error
Finished indexing database for sortmerna...  mar. 01 déc. 2020 13:03:18 CET
MicroTaxa virtual environment has been deactivated successfully...
MicroTaxa virtual environment has been activated successfully...
Remove ambiguous characters and replacing non-standard base characters in reference database... mar. 01 déc. 2020 13:03:30 CET
DB_DIR_path = /home/oshchakoory/Documents/Databases/SILVA_138.1_SSURef_NR99_tax_silva.fasta
OUTPUT_path = /home/oshchakoory/Documents/Databases
MicroTaxa virtual environment has been activated successfully...
Remove ambiguous characters and replacing non-standard base characters in reference database... mar. 01 déc. 2020 13:06:10 CET
Finished fixing database for emirge...mar. 01 déc. 2020 13:08:33 CET
starting indexing the newly fixed and clustered database with bowtie...mar. 01 déc. 2020 13:08:33 CET
Settings:
  Output files: "/home/oshchakoory/Documents/Databases/bowtie_indexed_DB/SILVA_138.1_SSURef_NR99_tax_silva_bowtie_indexed.*.ebwt"
  Line rate: 6 (line is 64 bytes)
  Lines per side: 1 (side is 64 bytes)
  Offset rate: 5 (one in 32)
  FTable chars: 10
  Strings: packed
  Max bucket size: default
  Max bucket size, sqrt multiplier: default
  Max bucket size, len divisor: 4
  Difference-cover sample period: 1024
  Endianness: little
  Actual local endianness: little
  Sanity checking: disabled
  Assertions: disabled
  Random seed: 0
  Sizeofs: void*:8, int:4, long:8, size_t:8
Input files DNA, FASTA:
  /home/oshchakoory/Documents/Databases/bowtie_indexed_DB/SILVA_138.1_SSURef_NR99_tax_silva_clustered_fixed.fasta
Reading reference sizes
  Time reading reference sizes: 00:00:03
Calculating joined length
Writing header
Reserving space for joined string
Joining reference sequences
  Time to join reference sequences: 00:00:03
bmax according to bmaxDivN setting: 74855706
Using parameters --bmax 56141780 --dcv 1024
  Doing ahead-of-time memory usage test
  Passed!  Constructing with these parameters: --bmax 56141780 --dcv 1024 --packed
Constructing suffix-array element generator
Building DifferenceCoverSample
  Building sPrime
  Building sPrimeOrder
  V-Sorting samples
  V-Sorting samples time: 00:00:16
  Allocating rank array
  Ranking v-sort output
  Ranking v-sort output time: 00:00:03
  Invoking Larsson-Sadakane on ranks
  Invoking Larsson-Sadakane on ranks time: 00:00:03
  Sanity-checking and returning
Building samples
Reserving space for 12 sample suffixes
Generating random suffixes
QSorting 12 sample offsets, eliminating duplicates
QSorting sample offsets, eliminating duplicates time: 00:00:00
Multikey QSorting 12 samples
  (Using difference cover)
  Multikey QSorting samples time: 00:00:00
Calculating bucket sizes
Splitting and merging
  Splitting and merging time: 00:00:00
Avg bucket size: 2.99423e+08 (target: 56141779)
Converting suffix-array elements to index image
Allocating ftab, absorbFtab
Entering Ebwt loop
Getting block 1 of 1
  No samples; assembling all-inclusive block
  Sorting block of length 299422826 for bucket 1
  (Using difference cover)
  Sorting block time: 00:06:07
Returning block of 299422827 for bucket 1
Exited Ebwt loop
fchr[A]: 0
fchr[C]: 76049985
fchr[G]: 144168111
fchr[T]: 235913734
fchr[$]: 299422826
Exiting Ebwt::buildToDisk()
Returning from initFromVector
Wrote 96385842 bytes to primary EBWT file: /home/oshchakoory/Documents/Databases/bowtie_indexed_DB/SILVA_138.1_SSURef_NR99_tax_silva_bowtie_indexed.1.ebwt
Wrote 37427860 bytes to secondary EBWT file: /home/oshchakoory/Documents/Databases/bowtie_indexed_DB/SILVA_138.1_SSURef_NR99_tax_silva_bowtie_indexed.2.ebwt
Re-opening _in1 and _in2 as input streams
Returning from Ebwt constructor
Headers:
    len: 299422826
    bwtLen: 299422827
    sz: 74855707
    bwtSz: 74855707
    lineRate: 6
    linesPerSide: 1
    offRate: 5
    offMask: 0xffffffe0
    isaRate: -1
    isaMask: 0xffffffff
    ftabChars: 10
    eftabLen: 20
    eftabSz: 80
    ftabLen: 1048577
    ftabSz: 4194308
    offsLen: 9356964
    offsSz: 37427856
    isaLen: 0
    isaSz: 0
    lineSz: 64
    sideSz: 64
    sideBwtSz: 56
    sideBwtLen: 224
    numSidePairs: 668355
    numSides: 1336710
    numLines: 1336710
    ebwtTotLen: 85549440
    ebwtTotSz: 85549440
    reverse: 0
Total time for call to driver() for forward index: 00:07:05
Reading reference sizes
  Time reading reference sizes: 00:00:02
Calculating joined length
Writing header
Reserving space for joined string
Joining reference sequences
  Time to join reference sequences: 00:00:03
bmax according to bmaxDivN setting: 74855706
Using parameters --bmax 56141780 --dcv 1024
  Doing ahead-of-time memory usage test
  Passed!  Constructing with these parameters: --bmax 56141780 --dcv 1024 --packed
Constructing suffix-array element generator
Building DifferenceCoverSample
  Building sPrime
  Building sPrimeOrder
  V-Sorting samples
  V-Sorting samples time: 00:00:16
  Allocating rank array
  Ranking v-sort output
  Ranking v-sort output time: 00:00:03
  Invoking Larsson-Sadakane on ranks
  Invoking Larsson-Sadakane on ranks time: 00:00:03
  Sanity-checking and returning
Building samples
Reserving space for 12 sample suffixes
Generating random suffixes
QSorting 12 sample offsets, eliminating duplicates
QSorting sample offsets, eliminating duplicates time: 00:00:00
Multikey QSorting 12 samples
  (Using difference cover)
  Multikey QSorting samples time: 00:00:00
Calculating bucket sizes
Splitting and merging
  Splitting and merging time: 00:00:00
Avg bucket size: 2.99423e+08 (target: 56141779)
Converting suffix-array elements to index image
Allocating ftab, absorbFtab
Entering Ebwt loop
Getting block 1 of 1
  No samples; assembling all-inclusive block
  Sorting block of length 299422826 for bucket 1
  (Using difference cover)
  Sorting block time: 00:06:08
Returning block of 299422827 for bucket 1
Exited Ebwt loop
fchr[A]: 0
fchr[C]: 76049985
fchr[G]: 144168111
fchr[T]: 235913734
fchr[$]: 299422826
Exiting Ebwt::buildToDisk()
Returning from initFromVector
Wrote 96385842 bytes to primary EBWT file: /home/oshchakoory/Documents/Databases/bowtie_indexed_DB/SILVA_138.1_SSURef_NR99_tax_silva_bowtie_indexed.rev.1.ebwt
Wrote 37427860 bytes to secondary EBWT file: /home/oshchakoory/Documents/Databases/bowtie_indexed_DB/SILVA_138.1_SSURef_NR99_tax_silva_bowtie_indexed.rev.2.ebwt
Re-opening _in1 and _in2 as input streams
Returning from Ebwt constructor
Headers:
    len: 299422826
    bwtLen: 299422827
    sz: 74855707
    bwtSz: 74855707
    lineRate: 6
    linesPerSide: 1
    offRate: 5
    offMask: 0xffffffe0
    isaRate: -1
    isaMask: 0xffffffff
    ftabChars: 10
    eftabLen: 20
    eftabSz: 80
    ftabLen: 1048577
    ftabSz: 4194308
    offsLen: 9356964
    offsSz: 37427856
    isaLen: 0
    isaSz: 0
    lineSz: 64
    sideSz: 64
    sideBwtSz: 56
    sideBwtLen: 224
    numSidePairs: 668355
    numSides: 1336710
    numLines: 1336710
    ebwtTotLen: 85549440
    ebwtTotSz: 85549440
    reverse: 0
Total time for backward call to driver() for mirror index: 00:07:05
Finished indexing the newly fixed and clustred database with bowtie...mar. 01 déc. 2020 13:22:43 CET
Saving results...
Job ends successfully on : mar. 01 déc. 2020 13:22:43 CET
MicroTaxa virtual environment has been deactivated successfully...
