
RiboTaxa -- A complete pipeline from raw metagenomics to species-level identificationby Oshma Chakoory, Sophie Marre & Pierre Peyret University Clermont Auvergne, France Version: 1.0

This program is distributes under the AGPL-3.0 License. See LICENSE for more information.


***********************************************************************************************
               Running RiboTaxa on /home/oshchakoory/Documents/MG/raw_reads/SRR5381736
***********************************************************************************************

SRR5381736_1.fastq.gz is gzipped
SRR5381736_2.fastq.gz is gzipped

~~~~~~~~~~~~~~~~~~~~~~~~~~~~~~~~~~~~~~~~~~~~~~~~~~~~~~~~~~~~~~~~~~~~~~~~~~
Quality control starting on : mer. 06 janv. 2021 09:55:02 CET
~~~~~~~~~~~~~~~~~~~~~~~~~~~~~~~~~~~~~~~~~~~~~~~~~~~~~~~~~~~~~~~~~~~~~~~~~~

Run the First quality control on raw data... 
Analysis complete for SRR5381736_1.fastq
Analysis complete for SRR5381736_2.fastq
Removing adapters from sequences...
Trimming sequences...
Run the second quality control on trimmed data...
Analysis complete for SRR5381736_1_trimmed.fastq
Analysis complete for SRR5381736_2_trimmed.fastq
Running multiQC...
Saving results for quality control...
Quality control ends successfully on : mer. 06 janv. 2021 09:56:28 CET

~~~~~~~~~~~~~~~~~~~~~~~~~~~~~~~~~~~~~~~~~~~~~~~~~~~~~~~~~~~~~~~~~~~~~~~~~~
Filtering 16S/18S using sortmerna starting on : mer. 06 janv. 2021 09:56:28 CET
~~~~~~~~~~~~~~~~~~~~~~~~~~~~~~~~~~~~~~~~~~~~~~~~~~~~~~~~~~~~~~~~~~~~~~~~~~

Database directory for sortmerna = /home/oshchakoory/Documents/Databases/sortmerna_indexed_DB
Merging paired files into single files... 
   Processing /home/oshchakoory/Documents/MG/quality_control/SRR5381736_1_trimmed.fastq ..
   Processing /home/oshchakoory/Documents/MG/quality_control/SRR5381736_2_trimmed.fastq ..
   Interleaving /home/oshchakoory/Documents/MG/quality_control/SRR5381736_1_trimmed.fastq and /home/oshchakoory/Documents/MG/quality_control/SRR5381736_2_trimmed.fastq ..
   Done.

Filtering 16S/18S reads....

  Program:     SortMeRNA version 2.1b, 03/03/2016
  Copyright:   2012-16 Bonsai Bioinformatics Research Group:
               LIFL, University Lille 1, CNRS UMR 8022, INRIA Nord-Europe
               2014-16 Knight Lab:
               Department of Pediatrics, UCSD, La Jolla,
  Disclaimer:  SortMeRNA comes with ABSOLUTELY NO WARRANTY; without even the
               implied warranty of MERCHANTABILITY or FITNESS FOR A PARTICULAR PURPOSE.
               See the GNU Lesser General Public License for more details.
  Contact:     Evguenia Kopylova, jenya.kopylov@gmail.com 
               Laurent Noé, laurent.noe@lifl.fr
               Hélène Touzet, helene.touzet@lifl.fr


  Computing read file statistics ... done [3.43 sec]
  size of reads file: 1101584987 bytes
  partial section(s) to be executed: 2 of size 1073741824 bytes 
  Parameters summary:
    Number of seeds = 2
    Edges = 4 (as integer)
    SW match = 2
    SW mismatch = -3
    SW gap open penalty = 5
    SW gap extend penalty = 2
    SW ambiguous nucleotide = -3
    SQ tags are not output
    Number of threads = 8

  [4mBegin mmap reads section # 1[0m:
  Time to mmap reads and set up pointers [1.71 sec]

  Begin analysis of: [0;34m/home/oshchakoory/Documents/Databases/sortmerna_indexed_DB/SILVA_138.1_SSURef_NR99_tax_silva_indexed.clustered.fasta[0m
    Seed length = 18
    Pass 1 = 18, Pass 2 = 9, Pass 3 = 3
    Gumbel lambda = 0.605415
    Gumbel K = 0.340159
    Minimal SW score based on E-value = 63
    Loading index part 1/1 ...  done [38.21 sec]
    Begin index search ...  done [160.91 sec]
    Freeing index ...  done [1.12 sec]
    Total number of reads mapped (incl. all reads file sections searched): 16547
    Writing aligned FASTA/FASTQ ...  done [0.29 sec]
    Writing not-aligned FASTA/FASTQ ...  done [29.30 sec]

  [4mBegin mmap reads section # 2[0m:
  Time to mmap reads and set up pointers [0.48 sec]

  Begin analysis of: [0;34m/home/oshchakoory/Documents/Databases/sortmerna_indexed_DB/SILVA_138.1_SSURef_NR99_tax_silva_indexed.clustered.fasta[0m
    Loading index part 1/1 ...  done [14.00 sec]
    Begin index search ...  done [4.00 sec]
    Freeing index ...  done [1.10 sec]
    Total number of reads mapped (incl. all reads file sections searched): 16917
    Writing aligned FASTA/FASTQ ...  done [0.01 sec]
    Writing not-aligned FASTA/FASTQ ...  done [0.77 sec]
Unmerging single files into paired files....
   Processing /home/oshchakoory/Documents/MG/output_sortmerna/SRR5381736_R1_16S18Sreads.fastq ..
   Processing /home/oshchakoory/Documents/MG/output_sortmerna/SRR5381736_R2_16S18Sreads.fastq ..
   Done.
Saving results...
Filtering 16S/18S using sortmerna ends successfully on : mer. 06 janv. 2021 10:01:16 CET

~~~~~~~~~~~~~~~~~~~~~~~~~~~~~~~~~~~~~~~~~~~~~~~~~~~~~~~~~~~~~~~~~~~~~~~~~~
Reconstructing 16S18S using EMIRGE starting on : mer. 06 janv. 2021 10:01:16 CET
~~~~~~~~~~~~~~~~~~~~~~~~~~~~~~~~~~~~~~~~~~~~~~~~~~~~~~~~~~~~~~~~~~~~~~~~~~

Database directory for EMIRGE = /home/oshchakoory/Documents/Databases/bowtie_indexed_DB
Running emirge amplicon to reconstrct 16S/18S full length sequences...
If you use EMIRGE in your work, please cite these manuscripts, as appropriate.

Miller CS, Baker BJ, Thomas BC, Singer SW, Banfield JF (2011)
EMIRGE: reconstruction of full-length ribosomal genes from microbial community short read sequencing data.
Genome biology 12: R44. doi:10.1186/gb-2011-12-5-r44.

Miller CS, Handley KM, Wrighton KC, Frischkorn KR, Thomas BC, Banfield JF (2013)
Short-Read Assembly of Full-Length 16S Amplicons Reveals Bacterial Diversity in Subsurface Sediments.
PloS one 8: e56018. doi:10.1371/journal.pone.0056018.

imported _emirge C functions from: /home/oshchakoory/miniconda3/envs/RiboTaxa_py27/lib/python2.7/site-packages/_emirge_amplicon.so
Command:
/home/oshchakoory/miniconda3/envs/RiboTaxa_py27/bin/emirge_amplicon.py -1 /home/oshchakoory/Documents/MG/output_sortmerna/SRR5381736_R1_16S18Sreads.fastq -f /home/oshchakoory/Documents/Databases/bowtie_indexed_DB/SILVA_138.1_SSURef_NR99_tax_silva_clustered_fixed.fasta -b /home/oshchakoory/Documents/Databases/bowtie_indexed_DB/SILVA_138.1_SSURef_NR99_tax_silva_bowtie_indexed -l 300 -2 /home/oshchakoory/Documents/MG/output_sortmerna/SRR5381736_R2_16S18Sreads.fastq -j 1 -n 120 -i 300 -s 100 -a 8 --phred33 /home/oshchakoory/Documents/MG/output_emirge/SRR5381736_amplicon_16S18S_recons

EMIRGE started at Wed Jan  6 10:01:17 2021
Time loading reference: 00:00:01
Time loading forward index: 00:00:02
Time loading mirror index: 00:00:01
Seeded quality full-index search: 00:00:02
# reads processed: 10675
# reads with at least one reported alignment: 996 (9.33%)
# reads that failed to align: 9679 (90.67%)
Reported 996 paired-end alignments
Time searching: 00:00:06
Overall time: 00:00:06
usearch v11.0.667_i86linux32, 4.0Gb RAM (32.8Gb total), 8 cores
(C) Copyright 2013-18 Robert C. Edgar, all rights reserved.
https://drive5.com/usearch

License: sophie.marre@uca.fr

Time loading reference: 00:00:00
Time loading forward index: 00:00:00
Time loading mirror index: 00:00:00
Seeded quality full-index search: 00:00:01
# reads processed: 10675
# reads with at least one reported alignment: 1155 (10.82%)
# reads that failed to align: 9520 (89.18%)
Reported 2630 paired-end alignments
Time searching: 00:00:01
Overall time: 00:00:01
usearch v11.0.667_i86linux32, 4.0Gb RAM (32.8Gb total), 8 cores
(C) Copyright 2013-18 Robert C. Edgar, all rights reserved.
https://drive5.com/usearch

License: sophie.marre@uca.fr

Time loading reference: 00:00:00
Time loading forward index: 00:00:00
Time loading mirror index: 00:00:00
Seeded quality full-index search: 00:00:00
# reads processed: 10675
# reads with at least one reported alignment: 1155 (10.82%)
# reads that failed to align: 9520 (89.18%)
Reported 2665 paired-end alignments
Time searching: 00:00:00
Overall time: 00:00:00
usearch v11.0.667_i86linux32, 4.0Gb RAM (32.8Gb total), 8 cores
(C) Copyright 2013-18 Robert C. Edgar, all rights reserved.
https://drive5.com/usearch

License: sophie.marre@uca.fr

Time loading reference: 00:00:00
Time loading forward index: 00:00:00
Time loading mirror index: 00:00:00
Seeded quality full-index search: 00:00:01
# reads processed: 10675
# reads with at least one reported alignment: 1151 (10.78%)
# reads that failed to align: 9524 (89.22%)
Reported 2632 paired-end alignments
Time searching: 00:00:01
Overall time: 00:00:01
usearch v11.0.667_i86linux32, 4.0Gb RAM (32.8Gb total), 8 cores
(C) Copyright 2013-18 Robert C. Edgar, all rights reserved.
https://drive5.com/usearch

License: sophie.marre@uca.fr

Time loading reference: 00:00:00
Time loading forward index: 00:00:00
Time loading mirror index: 00:00:00
Seeded quality full-index search: 00:00:01
# reads processed: 10675
# reads with at least one reported alignment: 1151 (10.78%)
# reads that failed to align: 9524 (89.22%)
Reported 2648 paired-end alignments
Time searching: 00:00:01
Overall time: 00:00:01
usearch v11.0.667_i86linux32, 4.0Gb RAM (32.8Gb total), 8 cores
(C) Copyright 2013-18 Robert C. Edgar, all rights reserved.
https://drive5.com/usearch

License: sophie.marre@uca.fr

Time loading reference: 00:00:00
Time loading forward index: 00:00:00
Time loading mirror index: 00:00:00
Seeded quality full-index search: 00:00:01
# reads processed: 10675
# reads with at least one reported alignment: 1150 (10.77%)
# reads that failed to align: 9525 (89.23%)
Reported 2683 paired-end alignments
Time searching: 00:00:01
Overall time: 00:00:01
usearch v11.0.667_i86linux32, 4.0Gb RAM (32.8Gb total), 8 cores
(C) Copyright 2013-18 Robert C. Edgar, all rights reserved.
https://drive5.com/usearch

License: sophie.marre@uca.fr

Time loading reference: 00:00:00
Time loading forward index: 00:00:00
Time loading mirror index: 00:00:00
Seeded quality full-index search: 00:00:00
# reads processed: 10675
# reads with at least one reported alignment: 1150 (10.77%)
# reads that failed to align: 9525 (89.23%)
Reported 2686 paired-end alignments
Time searching: 00:00:00
Overall time: 00:00:00
usearch v11.0.667_i86linux32, 4.0Gb RAM (32.8Gb total), 8 cores
(C) Copyright 2013-18 Robert C. Edgar, all rights reserved.
https://drive5.com/usearch

License: sophie.marre@uca.fr

Time loading reference: 00:00:00
Time loading forward index: 00:00:00
Time loading mirror index: 00:00:00
Seeded quality full-index search: 00:00:00
# reads processed: 10675
# reads with at least one reported alignment: 1150 (10.77%)
# reads that failed to align: 9525 (89.23%)
Reported 2689 paired-end alignments
Time searching: 00:00:00
Overall time: 00:00:00
usearch v11.0.667_i86linux32, 4.0Gb RAM (32.8Gb total), 8 cores
(C) Copyright 2013-18 Robert C. Edgar, all rights reserved.
https://drive5.com/usearch

License: sophie.marre@uca.fr

Time loading reference: 00:00:00
Time loading forward index: 00:00:00
Time loading mirror index: 00:00:00
Seeded quality full-index search: 00:00:00
# reads processed: 10675
# reads with at least one reported alignment: 1108 (10.38%)
# reads that failed to align: 9567 (89.62%)
Reported 2354 paired-end alignments
Time searching: 00:00:00
Overall time: 00:00:00
usearch v11.0.667_i86linux32, 4.0Gb RAM (32.8Gb total), 8 cores
(C) Copyright 2013-18 Robert C. Edgar, all rights reserved.
https://drive5.com/usearch

License: sophie.marre@uca.fr

Time loading reference: 00:00:00
Time loading forward index: 00:00:00
Time loading mirror index: 00:00:00
Seeded quality full-index search: 00:00:01
# reads processed: 10675
# reads with at least one reported alignment: 1108 (10.38%)
# reads that failed to align: 9567 (89.62%)
Reported 2361 paired-end alignments
Time searching: 00:00:01
Overall time: 00:00:01
usearch v11.0.667_i86linux32, 4.0Gb RAM (32.8Gb total), 8 cores
(C) Copyright 2013-18 Robert C. Edgar, all rights reserved.
https://drive5.com/usearch

License: sophie.marre@uca.fr

Time loading reference: 00:00:00
Time loading forward index: 00:00:00
Time loading mirror index: 00:00:00
Seeded quality full-index search: 00:00:00
# reads processed: 10675
# reads with at least one reported alignment: 1109 (10.39%)
# reads that failed to align: 9566 (89.61%)
Reported 2350 paired-end alignments
Time searching: 00:00:00
Overall time: 00:00:00
usearch v11.0.667_i86linux32, 4.0Gb RAM (32.8Gb total), 8 cores
(C) Copyright 2013-18 Robert C. Edgar, all rights reserved.
https://drive5.com/usearch

License: sophie.marre@uca.fr

Time loading reference: 00:00:00
Time loading forward index: 00:00:00
Time loading mirror index: 00:00:00
Seeded quality full-index search: 00:00:00
# reads processed: 10675
# reads with at least one reported alignment: 1109 (10.39%)
# reads that failed to align: 9566 (89.61%)
Reported 2341 paired-end alignments
Time searching: 00:00:00
Overall time: 00:00:00
usearch v11.0.667_i86linux32, 4.0Gb RAM (32.8Gb total), 8 cores
(C) Copyright 2013-18 Robert C. Edgar, all rights reserved.
https://drive5.com/usearch

License: sophie.marre@uca.fr

Time loading reference: 00:00:00
Time loading forward index: 00:00:00
Time loading mirror index: 00:00:00
Seeded quality full-index search: 00:00:01
# reads processed: 10675
# reads with at least one reported alignment: 1109 (10.39%)
# reads that failed to align: 9566 (89.61%)
Reported 2341 paired-end alignments
Time searching: 00:00:01
Overall time: 00:00:01
usearch v11.0.667_i86linux32, 4.0Gb RAM (32.8Gb total), 8 cores
(C) Copyright 2013-18 Robert C. Edgar, all rights reserved.
https://drive5.com/usearch

License: sophie.marre@uca.fr

Time loading reference: 00:00:00
Time loading forward index: 00:00:00
Time loading mirror index: 00:00:00
Seeded quality full-index search: 00:00:00
# reads processed: 10675
# reads with at least one reported alignment: 1109 (10.39%)
# reads that failed to align: 9566 (89.61%)
Reported 2342 paired-end alignments
Time searching: 00:00:00
Overall time: 00:00:00
usearch v11.0.667_i86linux32, 4.0Gb RAM (32.8Gb total), 8 cores
(C) Copyright 2013-18 Robert C. Edgar, all rights reserved.
https://drive5.com/usearch

License: sophie.marre@uca.fr

Time loading reference: 00:00:00
Time loading forward index: 00:00:00
Time loading mirror index: 00:00:00
Seeded quality full-index search: 00:00:01
# reads processed: 10675
# reads with at least one reported alignment: 1109 (10.39%)
# reads that failed to align: 9566 (89.61%)
Reported 2342 paired-end alignments
Time searching: 00:00:01
Overall time: 00:00:01
usearch v11.0.667_i86linux32, 4.0Gb RAM (32.8Gb total), 8 cores
(C) Copyright 2013-18 Robert C. Edgar, all rights reserved.
https://drive5.com/usearch

License: sophie.marre@uca.fr

Time loading reference: 00:00:00
Time loading forward index: 00:00:00
Time loading mirror index: 00:00:00
Seeded quality full-index search: 00:00:01
# reads processed: 10675
# reads with at least one reported alignment: 1109 (10.39%)
# reads that failed to align: 9566 (89.61%)
Reported 2342 paired-end alignments
Time searching: 00:00:01
Overall time: 00:00:01
usearch v11.0.667_i86linux32, 4.0Gb RAM (32.8Gb total), 8 cores
(C) Copyright 2013-18 Robert C. Edgar, all rights reserved.
https://drive5.com/usearch

License: sophie.marre@uca.fr

Time loading reference: 00:00:00
Time loading forward index: 00:00:00
Time loading mirror index: 00:00:00
Seeded quality full-index search: 00:00:00
# reads processed: 10675
# reads with at least one reported alignment: 1109 (10.39%)
# reads that failed to align: 9566 (89.61%)
Reported 2342 paired-end alignments
Time searching: 00:00:00
Overall time: 00:00:00
usearch v11.0.667_i86linux32, 4.0Gb RAM (32.8Gb total), 8 cores
(C) Copyright 2013-18 Robert C. Edgar, all rights reserved.
https://drive5.com/usearch

License: sophie.marre@uca.fr

Time loading reference: 00:00:00
Time loading forward index: 00:00:00
Time loading mirror index: 00:00:00
Seeded quality full-index search: 00:00:01
# reads processed: 10675
# reads with at least one reported alignment: 1109 (10.39%)
# reads that failed to align: 9566 (89.61%)
Reported 2342 paired-end alignments
Time searching: 00:00:01
Overall time: 00:00:01
usearch v11.0.667_i86linux32, 4.0Gb RAM (32.8Gb total), 8 cores
(C) Copyright 2013-18 Robert C. Edgar, all rights reserved.
https://drive5.com/usearch

License: sophie.marre@uca.fr

Time loading reference: 00:00:00
Time loading forward index: 00:00:00
Time loading mirror index: 00:00:00
Seeded quality full-index search: 00:00:00
# reads processed: 10675
# reads with at least one reported alignment: 1109 (10.39%)
# reads that failed to align: 9566 (89.61%)
Reported 2343 paired-end alignments
Time searching: 00:00:00
Overall time: 00:00:00
usearch v11.0.667_i86linux32, 4.0Gb RAM (32.8Gb total), 8 cores
(C) Copyright 2013-18 Robert C. Edgar, all rights reserved.
https://drive5.com/usearch

License: sophie.marre@uca.fr

Time loading reference: 00:00:00
Time loading forward index: 00:00:00
Time loading mirror index: 00:00:00
Seeded quality full-index search: 00:00:01
# reads processed: 10675
# reads with at least one reported alignment: 1109 (10.39%)
# reads that failed to align: 9566 (89.61%)
Reported 2338 paired-end alignments
Time searching: 00:00:01
Overall time: 00:00:01
usearch v11.0.667_i86linux32, 4.0Gb RAM (32.8Gb total), 8 cores
(C) Copyright 2013-18 Robert C. Edgar, all rights reserved.
https://drive5.com/usearch

License: sophie.marre@uca.fr

Time loading reference: 00:00:00
Time loading forward index: 00:00:00
Time loading mirror index: 00:00:00
Seeded quality full-index search: 00:00:00
# reads processed: 10675
# reads with at least one reported alignment: 1109 (10.39%)
# reads that failed to align: 9566 (89.61%)
Reported 2337 paired-end alignments
Time searching: 00:00:00
Overall time: 00:00:00
usearch v11.0.667_i86linux32, 4.0Gb RAM (32.8Gb total), 8 cores
(C) Copyright 2013-18 Robert C. Edgar, all rights reserved.
https://drive5.com/usearch

License: sophie.marre@uca.fr

Time loading reference: 00:00:00
Time loading forward index: 00:00:00
Time loading mirror index: 00:00:00
Seeded quality full-index search: 00:00:01
# reads processed: 10675
# reads with at least one reported alignment: 1109 (10.39%)
# reads that failed to align: 9566 (89.61%)
Reported 2337 paired-end alignments
Time searching: 00:00:01
Overall time: 00:00:01
usearch v11.0.667_i86linux32, 4.0Gb RAM (32.8Gb total), 8 cores
(C) Copyright 2013-18 Robert C. Edgar, all rights reserved.
https://drive5.com/usearch

License: sophie.marre@uca.fr

Time loading reference: 00:00:00
Time loading forward index: 00:00:00
Time loading mirror index: 00:00:00
Seeded quality full-index search: 00:00:00
# reads processed: 10675
# reads with at least one reported alignment: 1109 (10.39%)
# reads that failed to align: 9566 (89.61%)
Reported 2339 paired-end alignments
Time searching: 00:00:00
Overall time: 00:00:00
usearch v11.0.667_i86linux32, 4.0Gb RAM (32.8Gb total), 8 cores
(C) Copyright 2013-18 Robert C. Edgar, all rights reserved.
https://drive5.com/usearch

License: sophie.marre@uca.fr

Time loading reference: 00:00:00
Time loading forward index: 00:00:00
Time loading mirror index: 00:00:00
Seeded quality full-index search: 00:00:01
# reads processed: 10675
# reads with at least one reported alignment: 1109 (10.39%)
# reads that failed to align: 9566 (89.61%)
Reported 2339 paired-end alignments
Time searching: 00:00:01
Overall time: 00:00:01
usearch v11.0.667_i86linux32, 4.0Gb RAM (32.8Gb total), 8 cores
(C) Copyright 2013-18 Robert C. Edgar, all rights reserved.
https://drive5.com/usearch

License: sophie.marre@uca.fr

Time loading reference: 00:00:00
Time loading forward index: 00:00:00
Time loading mirror index: 00:00:00
Seeded quality full-index search: 00:00:00
# reads processed: 10675
# reads with at least one reported alignment: 1109 (10.39%)
# reads that failed to align: 9566 (89.61%)
Reported 2340 paired-end alignments
Time searching: 00:00:00
Overall time: 00:00:00
usearch v11.0.667_i86linux32, 4.0Gb RAM (32.8Gb total), 8 cores
(C) Copyright 2013-18 Robert C. Edgar, all rights reserved.
https://drive5.com/usearch

License: sophie.marre@uca.fr

Time loading reference: 00:00:00
Time loading forward index: 00:00:00
Time loading mirror index: 00:00:00
Seeded quality full-index search: 00:00:01
# reads processed: 10675
# reads with at least one reported alignment: 1109 (10.39%)
# reads that failed to align: 9566 (89.61%)
Reported 2340 paired-end alignments
Time searching: 00:00:01
Overall time: 00:00:01
usearch v11.0.667_i86linux32, 4.0Gb RAM (32.8Gb total), 8 cores
(C) Copyright 2013-18 Robert C. Edgar, all rights reserved.
https://drive5.com/usearch

License: sophie.marre@uca.fr

Time loading reference: 00:00:00
Time loading forward index: 00:00:00
Time loading mirror index: 00:00:00
Seeded quality full-index search: 00:00:00
# reads processed: 10675
# reads with at least one reported alignment: 1109 (10.39%)
# reads that failed to align: 9566 (89.61%)
Reported 2340 paired-end alignments
Time searching: 00:00:00
Overall time: 00:00:00
usearch v11.0.667_i86linux32, 4.0Gb RAM (32.8Gb total), 8 cores
(C) Copyright 2013-18 Robert C. Edgar, all rights reserved.
https://drive5.com/usearch

License: sophie.marre@uca.fr

Time loading reference: 00:00:00
Time loading forward index: 00:00:00
Time loading mirror index: 00:00:00
Seeded quality full-index search: 00:00:01
# reads processed: 10675
# reads with at least one reported alignment: 1109 (10.39%)
# reads that failed to align: 9566 (89.61%)
Reported 2340 paired-end alignments
Time searching: 00:00:01
Overall time: 00:00:01
usearch v11.0.667_i86linux32, 4.0Gb RAM (32.8Gb total), 8 cores
(C) Copyright 2013-18 Robert C. Edgar, all rights reserved.
https://drive5.com/usearch

License: sophie.marre@uca.fr

Time loading reference: 00:00:00
Time loading forward index: 00:00:00
Time loading mirror index: 00:00:00
Seeded quality full-index search: 00:00:01
# reads processed: 10675
# reads with at least one reported alignment: 1109 (10.39%)
# reads that failed to align: 9566 (89.61%)
Reported 2340 paired-end alignments
Time searching: 00:00:01
Overall time: 00:00:01
usearch v11.0.667_i86linux32, 4.0Gb RAM (32.8Gb total), 8 cores
(C) Copyright 2013-18 Robert C. Edgar, all rights reserved.
https://drive5.com/usearch

License: sophie.marre@uca.fr

Time loading reference: 00:00:00
Time loading forward index: 00:00:00
Time loading mirror index: 00:00:00
Seeded quality full-index search: 00:00:00
# reads processed: 10675
# reads with at least one reported alignment: 1109 (10.39%)
# reads that failed to align: 9566 (89.61%)
Reported 2340 paired-end alignments
Time searching: 00:00:00
Overall time: 00:00:00
usearch v11.0.667_i86linux32, 4.0Gb RAM (32.8Gb total), 8 cores
(C) Copyright 2013-18 Robert C. Edgar, all rights reserved.
https://drive5.com/usearch

License: sophie.marre@uca.fr

Time loading reference: 00:00:00
Time loading forward index: 00:00:00
Time loading mirror index: 00:00:00
Seeded quality full-index search: 00:00:01
# reads processed: 10675
# reads with at least one reported alignment: 1109 (10.39%)
# reads that failed to align: 9566 (89.61%)
Reported 2340 paired-end alignments
Time searching: 00:00:01
Overall time: 00:00:01
usearch v11.0.667_i86linux32, 4.0Gb RAM (32.8Gb total), 8 cores
(C) Copyright 2013-18 Robert C. Edgar, all rights reserved.
https://drive5.com/usearch

License: sophie.marre@uca.fr

Time loading reference: 00:00:00
Time loading forward index: 00:00:00
Time loading mirror index: 00:00:00
Seeded quality full-index search: 00:00:00
# reads processed: 10675
# reads with at least one reported alignment: 1109 (10.39%)
# reads that failed to align: 9566 (89.61%)
Reported 2340 paired-end alignments
Time searching: 00:00:00
Overall time: 00:00:00
usearch v11.0.667_i86linux32, 4.0Gb RAM (32.8Gb total), 8 cores
(C) Copyright 2013-18 Robert C. Edgar, all rights reserved.
https://drive5.com/usearch

License: sophie.marre@uca.fr

Time loading reference: 00:00:00
Time loading forward index: 00:00:00
Time loading mirror index: 00:00:00
Seeded quality full-index search: 00:00:00
# reads processed: 10675
# reads with at least one reported alignment: 1109 (10.39%)
# reads that failed to align: 9566 (89.61%)
Reported 2340 paired-end alignments
Time searching: 00:00:00
Overall time: 00:00:00
usearch v11.0.667_i86linux32, 4.0Gb RAM (32.8Gb total), 8 cores
(C) Copyright 2013-18 Robert C. Edgar, all rights reserved.
https://drive5.com/usearch

License: sophie.marre@uca.fr

Time loading reference: 00:00:00
Time loading forward index: 00:00:00
Time loading mirror index: 00:00:00
Seeded quality full-index search: 00:00:01
# reads processed: 10675
# reads with at least one reported alignment: 1109 (10.39%)
# reads that failed to align: 9566 (89.61%)
Reported 2340 paired-end alignments
Time searching: 00:00:01
Overall time: 00:00:01
usearch v11.0.667_i86linux32, 4.0Gb RAM (32.8Gb total), 8 cores
(C) Copyright 2013-18 Robert C. Edgar, all rights reserved.
https://drive5.com/usearch

License: sophie.marre@uca.fr

Time loading reference: 00:00:00
Time loading forward index: 00:00:00
Time loading mirror index: 00:00:00
Seeded quality full-index search: 00:00:00
# reads processed: 10675
# reads with at least one reported alignment: 1109 (10.39%)
# reads that failed to align: 9566 (89.61%)
Reported 2340 paired-end alignments
Time searching: 00:00:00
Overall time: 00:00:00
usearch v11.0.667_i86linux32, 4.0Gb RAM (32.8Gb total), 8 cores
(C) Copyright 2013-18 Robert C. Edgar, all rights reserved.
https://drive5.com/usearch

License: sophie.marre@uca.fr

Time loading reference: 00:00:00
Time loading forward index: 00:00:00
Time loading mirror index: 00:00:01
Seeded quality full-index search: 00:00:00
# reads processed: 10675
# reads with at least one reported alignment: 1109 (10.39%)
# reads that failed to align: 9566 (89.61%)
Reported 2341 paired-end alignments
Time searching: 00:00:01
Overall time: 00:00:01
usearch v11.0.667_i86linux32, 4.0Gb RAM (32.8Gb total), 8 cores
(C) Copyright 2013-18 Robert C. Edgar, all rights reserved.
https://drive5.com/usearch

License: sophie.marre@uca.fr

Time loading reference: 00:00:00
Time loading forward index: 00:00:00
Time loading mirror index: 00:00:00
Seeded quality full-index search: 00:00:01
# reads processed: 10675
# reads with at least one reported alignment: 1109 (10.39%)
# reads that failed to align: 9566 (89.61%)
Reported 2341 paired-end alignments
Time searching: 00:00:01
Overall time: 00:00:01
usearch v11.0.667_i86linux32, 4.0Gb RAM (32.8Gb total), 8 cores
(C) Copyright 2013-18 Robert C. Edgar, all rights reserved.
https://drive5.com/usearch

License: sophie.marre@uca.fr

Time loading reference: 00:00:00
Time loading forward index: 00:00:00
Time loading mirror index: 00:00:00
Seeded quality full-index search: 00:00:00
# reads processed: 10675
# reads with at least one reported alignment: 1109 (10.39%)
# reads that failed to align: 9566 (89.61%)
Reported 2341 paired-end alignments
Time searching: 00:00:00
Overall time: 00:00:00
usearch v11.0.667_i86linux32, 4.0Gb RAM (32.8Gb total), 8 cores
(C) Copyright 2013-18 Robert C. Edgar, all rights reserved.
https://drive5.com/usearch

License: sophie.marre@uca.fr

Time loading reference: 00:00:00
Time loading forward index: 00:00:00
Time loading mirror index: 00:00:00
Seeded quality full-index search: 00:00:01
# reads processed: 10675
# reads with at least one reported alignment: 1109 (10.39%)
# reads that failed to align: 9566 (89.61%)
Reported 2341 paired-end alignments
Time searching: 00:00:01
Overall time: 00:00:01
usearch v11.0.667_i86linux32, 4.0Gb RAM (32.8Gb total), 8 cores
(C) Copyright 2013-18 Robert C. Edgar, all rights reserved.
https://drive5.com/usearch

License: sophie.marre@uca.fr

Time loading reference: 00:00:00
Time loading forward index: 00:00:00
Time loading mirror index: 00:00:00
Seeded quality full-index search: 00:00:00
# reads processed: 10675
# reads with at least one reported alignment: 1109 (10.39%)
# reads that failed to align: 9566 (89.61%)
Reported 2341 paired-end alignments
Time searching: 00:00:00
Overall time: 00:00:00
usearch v11.0.667_i86linux32, 4.0Gb RAM (32.8Gb total), 8 cores
(C) Copyright 2013-18 Robert C. Edgar, all rights reserved.
https://drive5.com/usearch

License: sophie.marre@uca.fr

Time loading reference: 00:00:00
Time loading forward index: 00:00:00
Time loading mirror index: 00:00:00
Seeded quality full-index search: 00:00:01
# reads processed: 10675
# reads with at least one reported alignment: 1109 (10.39%)
# reads that failed to align: 9566 (89.61%)
Reported 2341 paired-end alignments
Time searching: 00:00:01
Overall time: 00:00:01
usearch v11.0.667_i86linux32, 4.0Gb RAM (32.8Gb total), 8 cores
(C) Copyright 2013-18 Robert C. Edgar, all rights reserved.
https://drive5.com/usearch

License: sophie.marre@uca.fr

Time loading reference: 00:00:00
Time loading forward index: 00:00:00
Time loading mirror index: 00:00:00
Seeded quality full-index search: 00:00:00
# reads processed: 10675
# reads with at least one reported alignment: 1109 (10.39%)
# reads that failed to align: 9566 (89.61%)
Reported 2341 paired-end alignments
Time searching: 00:00:00
Overall time: 00:00:00
usearch v11.0.667_i86linux32, 4.0Gb RAM (32.8Gb total), 8 cores
(C) Copyright 2013-18 Robert C. Edgar, all rights reserved.
https://drive5.com/usearch

License: sophie.marre@uca.fr

Time loading reference: 00:00:00
Time loading forward index: 00:00:00
Time loading mirror index: 00:00:00
Seeded quality full-index search: 00:00:01
# reads processed: 10675
# reads with at least one reported alignment: 1109 (10.39%)
# reads that failed to align: 9566 (89.61%)
Reported 2341 paired-end alignments
Time searching: 00:00:01
Overall time: 00:00:01
usearch v11.0.667_i86linux32, 4.0Gb RAM (32.8Gb total), 8 cores
(C) Copyright 2013-18 Robert C. Edgar, all rights reserved.
https://drive5.com/usearch

License: sophie.marre@uca.fr

Time loading reference: 00:00:00
Time loading forward index: 00:00:00
Time loading mirror index: 00:00:00
Seeded quality full-index search: 00:00:00
# reads processed: 10675
# reads with at least one reported alignment: 1109 (10.39%)
# reads that failed to align: 9566 (89.61%)
Reported 2341 paired-end alignments
Time searching: 00:00:00
Overall time: 00:00:00
usearch v11.0.667_i86linux32, 4.0Gb RAM (32.8Gb total), 8 cores
(C) Copyright 2013-18 Robert C. Edgar, all rights reserved.
https://drive5.com/usearch

License: sophie.marre@uca.fr

Time loading reference: 00:00:00
Time loading forward index: 00:00:00
Time loading mirror index: 00:00:00
Seeded quality full-index search: 00:00:01
# reads processed: 10675
# reads with at least one reported alignment: 1109 (10.39%)
# reads that failed to align: 9566 (89.61%)
Reported 2341 paired-end alignments
Time searching: 00:00:01
Overall time: 00:00:01
usearch v11.0.667_i86linux32, 4.0Gb RAM (32.8Gb total), 8 cores
(C) Copyright 2013-18 Robert C. Edgar, all rights reserved.
https://drive5.com/usearch

License: sophie.marre@uca.fr

Time loading reference: 00:00:00
Time loading forward index: 00:00:00
Time loading mirror index: 00:00:00
Seeded quality full-index search: 00:00:00
# reads processed: 10675
# reads with at least one reported alignment: 1109 (10.39%)
# reads that failed to align: 9566 (89.61%)
Reported 2341 paired-end alignments
Time searching: 00:00:00
Overall time: 00:00:00
usearch v11.0.667_i86linux32, 4.0Gb RAM (32.8Gb total), 8 cores
(C) Copyright 2013-18 Robert C. Edgar, all rights reserved.
https://drive5.com/usearch

License: sophie.marre@uca.fr

Time loading reference: 00:00:00
Time loading forward index: 00:00:00
Time loading mirror index: 00:00:00
Seeded quality full-index search: 00:00:00
# reads processed: 10675
# reads with at least one reported alignment: 1109 (10.39%)
# reads that failed to align: 9566 (89.61%)
Reported 2341 paired-end alignments
Time searching: 00:00:00
Overall time: 00:00:00
usearch v11.0.667_i86linux32, 4.0Gb RAM (32.8Gb total), 8 cores
(C) Copyright 2013-18 Robert C. Edgar, all rights reserved.
https://drive5.com/usearch

License: sophie.marre@uca.fr

Time loading reference: 00:00:00
Time loading forward index: 00:00:00
Time loading mirror index: 00:00:00
Seeded quality full-index search: 00:00:01
# reads processed: 10675
# reads with at least one reported alignment: 1109 (10.39%)
# reads that failed to align: 9566 (89.61%)
Reported 2341 paired-end alignments
Time searching: 00:00:01
Overall time: 00:00:01
usearch v11.0.667_i86linux32, 4.0Gb RAM (32.8Gb total), 8 cores
(C) Copyright 2013-18 Robert C. Edgar, all rights reserved.
https://drive5.com/usearch

License: sophie.marre@uca.fr

Time loading reference: 00:00:00
Time loading forward index: 00:00:00
Time loading mirror index: 00:00:00
Seeded quality full-index search: 00:00:00
# reads processed: 10675
# reads with at least one reported alignment: 1109 (10.39%)
# reads that failed to align: 9566 (89.61%)
Reported 2341 paired-end alignments
Time searching: 00:00:00
Overall time: 00:00:00
usearch v11.0.667_i86linux32, 4.0Gb RAM (32.8Gb total), 8 cores
(C) Copyright 2013-18 Robert C. Edgar, all rights reserved.
https://drive5.com/usearch

License: sophie.marre@uca.fr

Time loading reference: 00:00:00
Time loading forward index: 00:00:00
Time loading mirror index: 00:00:00
Seeded quality full-index search: 00:00:01
# reads processed: 10675
# reads with at least one reported alignment: 1109 (10.39%)
# reads that failed to align: 9566 (89.61%)
Reported 2341 paired-end alignments
Time searching: 00:00:01
Overall time: 00:00:01
usearch v11.0.667_i86linux32, 4.0Gb RAM (32.8Gb total), 8 cores
(C) Copyright 2013-18 Robert C. Edgar, all rights reserved.
https://drive5.com/usearch

License: sophie.marre@uca.fr

Time loading reference: 00:00:00
Time loading forward index: 00:00:00
Time loading mirror index: 00:00:00
Seeded quality full-index search: 00:00:00
# reads processed: 10675
# reads with at least one reported alignment: 1109 (10.39%)
# reads that failed to align: 9566 (89.61%)
Reported 2341 paired-end alignments
Time searching: 00:00:00
Overall time: 00:00:00
usearch v11.0.667_i86linux32, 4.0Gb RAM (32.8Gb total), 8 cores
(C) Copyright 2013-18 Robert C. Edgar, all rights reserved.
https://drive5.com/usearch

License: sophie.marre@uca.fr

Time loading reference: 00:00:00
Time loading forward index: 00:00:00
Time loading mirror index: 00:00:00
Seeded quality full-index search: 00:00:00
# reads processed: 10675
# reads with at least one reported alignment: 1109 (10.39%)
# reads that failed to align: 9566 (89.61%)
Reported 2341 paired-end alignments
Time searching: 00:00:00
Overall time: 00:00:01
usearch v11.0.667_i86linux32, 4.0Gb RAM (32.8Gb total), 8 cores
(C) Copyright 2013-18 Robert C. Edgar, all rights reserved.
https://drive5.com/usearch

License: sophie.marre@uca.fr

Time loading reference: 00:00:00
Time loading forward index: 00:00:00
Time loading mirror index: 00:00:00
Seeded quality full-index search: 00:00:01
# reads processed: 10675
# reads with at least one reported alignment: 1109 (10.39%)
# reads that failed to align: 9566 (89.61%)
Reported 2341 paired-end alignments
Time searching: 00:00:01
Overall time: 00:00:01
usearch v11.0.667_i86linux32, 4.0Gb RAM (32.8Gb total), 8 cores
(C) Copyright 2013-18 Robert C. Edgar, all rights reserved.
https://drive5.com/usearch

License: sophie.marre@uca.fr

Time loading reference: 00:00:00
Time loading forward index: 00:00:00
Time loading mirror index: 00:00:00
Seeded quality full-index search: 00:00:00
# reads processed: 10675
# reads with at least one reported alignment: 1109 (10.39%)
# reads that failed to align: 9566 (89.61%)
Reported 2340 paired-end alignments
Time searching: 00:00:00
Overall time: 00:00:00
usearch v11.0.667_i86linux32, 4.0Gb RAM (32.8Gb total), 8 cores
(C) Copyright 2013-18 Robert C. Edgar, all rights reserved.
https://drive5.com/usearch

License: sophie.marre@uca.fr

Time loading reference: 00:00:00
Time loading forward index: 00:00:00
Time loading mirror index: 00:00:00
Seeded quality full-index search: 00:00:01
# reads processed: 10675
# reads with at least one reported alignment: 1109 (10.39%)
# reads that failed to align: 9566 (89.61%)
Reported 2340 paired-end alignments
Time searching: 00:00:01
Overall time: 00:00:01
usearch v11.0.667_i86linux32, 4.0Gb RAM (32.8Gb total), 8 cores
(C) Copyright 2013-18 Robert C. Edgar, all rights reserved.
https://drive5.com/usearch

License: sophie.marre@uca.fr

Time loading reference: 00:00:00
Time loading forward index: 00:00:00
Time loading mirror index: 00:00:00
Seeded quality full-index search: 00:00:00
# reads processed: 10675
# reads with at least one reported alignment: 1109 (10.39%)
# reads that failed to align: 9566 (89.61%)
Reported 2340 paired-end alignments
Time searching: 00:00:00
Overall time: 00:00:00
usearch v11.0.667_i86linux32, 4.0Gb RAM (32.8Gb total), 8 cores
(C) Copyright 2013-18 Robert C. Edgar, all rights reserved.
https://drive5.com/usearch

License: sophie.marre@uca.fr

Time loading reference: 00:00:00
Time loading forward index: 00:00:00
Time loading mirror index: 00:00:00
Seeded quality full-index search: 00:00:00
# reads processed: 10675
# reads with at least one reported alignment: 1109 (10.39%)
# reads that failed to align: 9566 (89.61%)
Reported 2340 paired-end alignments
Time searching: 00:00:00
Overall time: 00:00:00
usearch v11.0.667_i86linux32, 4.0Gb RAM (32.8Gb total), 8 cores
(C) Copyright 2013-18 Robert C. Edgar, all rights reserved.
https://drive5.com/usearch

License: sophie.marre@uca.fr

Time loading reference: 00:00:00
Time loading forward index: 00:00:00
Time loading mirror index: 00:00:00
Seeded quality full-index search: 00:00:01
# reads processed: 10675
# reads with at least one reported alignment: 1109 (10.39%)
# reads that failed to align: 9566 (89.61%)
Reported 2340 paired-end alignments
Time searching: 00:00:01
Overall time: 00:00:01
usearch v11.0.667_i86linux32, 4.0Gb RAM (32.8Gb total), 8 cores
(C) Copyright 2013-18 Robert C. Edgar, all rights reserved.
https://drive5.com/usearch

License: sophie.marre@uca.fr

Time loading reference: 00:00:00
Time loading forward index: 00:00:00
Time loading mirror index: 00:00:00
Seeded quality full-index search: 00:00:01
# reads processed: 10675
# reads with at least one reported alignment: 1109 (10.39%)
# reads that failed to align: 9566 (89.61%)
Reported 2340 paired-end alignments
Time searching: 00:00:01
Overall time: 00:00:01
usearch v11.0.667_i86linux32, 4.0Gb RAM (32.8Gb total), 8 cores
(C) Copyright 2013-18 Robert C. Edgar, all rights reserved.
https://drive5.com/usearch

License: sophie.marre@uca.fr

Time loading reference: 00:00:00
Time loading forward index: 00:00:00
Time loading mirror index: 00:00:00
Seeded quality full-index search: 00:00:00
# reads processed: 10675
# reads with at least one reported alignment: 1109 (10.39%)
# reads that failed to align: 9566 (89.61%)
Reported 2340 paired-end alignments
Time searching: 00:00:00
Overall time: 00:00:00
usearch v11.0.667_i86linux32, 4.0Gb RAM (32.8Gb total), 8 cores
(C) Copyright 2013-18 Robert C. Edgar, all rights reserved.
https://drive5.com/usearch

License: sophie.marre@uca.fr

Time loading reference: 00:00:00
Time loading forward index: 00:00:00
Time loading mirror index: 00:00:00
Seeded quality full-index search: 00:00:01
# reads processed: 10675
# reads with at least one reported alignment: 1109 (10.39%)
# reads that failed to align: 9566 (89.61%)
Reported 2340 paired-end alignments
Time searching: 00:00:01
Overall time: 00:00:01
usearch v11.0.667_i86linux32, 4.0Gb RAM (32.8Gb total), 8 cores
(C) Copyright 2013-18 Robert C. Edgar, all rights reserved.
https://drive5.com/usearch

License: sophie.marre@uca.fr

Time loading reference: 00:00:00
Time loading forward index: 00:00:00
Time loading mirror index: 00:00:00
Seeded quality full-index search: 00:00:00
# reads processed: 10675
# reads with at least one reported alignment: 1109 (10.39%)
# reads that failed to align: 9566 (89.61%)
Reported 2340 paired-end alignments
Time searching: 00:00:00
Overall time: 00:00:00
usearch v11.0.667_i86linux32, 4.0Gb RAM (32.8Gb total), 8 cores
(C) Copyright 2013-18 Robert C. Edgar, all rights reserved.
https://drive5.com/usearch

License: sophie.marre@uca.fr

Time loading reference: 00:00:00
Time loading forward index: 00:00:00
Time loading mirror index: 00:00:00
Seeded quality full-index search: 00:00:00
# reads processed: 10675
# reads with at least one reported alignment: 1109 (10.39%)
# reads that failed to align: 9566 (89.61%)
Reported 2340 paired-end alignments
Time searching: 00:00:00
Overall time: 00:00:00
usearch v11.0.667_i86linux32, 4.0Gb RAM (32.8Gb total), 8 cores
(C) Copyright 2013-18 Robert C. Edgar, all rights reserved.
https://drive5.com/usearch

License: sophie.marre@uca.fr

Time loading reference: 00:00:00
Time loading forward index: 00:00:00
Time loading mirror index: 00:00:00
Seeded quality full-index search: 00:00:00
# reads processed: 10675
# reads with at least one reported alignment: 1109 (10.39%)
# reads that failed to align: 9566 (89.61%)
Reported 2340 paired-end alignments
Time searching: 00:00:00
Overall time: 00:00:00
usearch v11.0.667_i86linux32, 4.0Gb RAM (32.8Gb total), 8 cores
(C) Copyright 2013-18 Robert C. Edgar, all rights reserved.
https://drive5.com/usearch

License: sophie.marre@uca.fr

Time loading reference: 00:00:00
Time loading forward index: 00:00:00
Time loading mirror index: 00:00:00
Seeded quality full-index search: 00:00:01
# reads processed: 10675
# reads with at least one reported alignment: 1109 (10.39%)
# reads that failed to align: 9566 (89.61%)
Reported 2340 paired-end alignments
Time searching: 00:00:01
Overall time: 00:00:01
usearch v11.0.667_i86linux32, 4.0Gb RAM (32.8Gb total), 8 cores
(C) Copyright 2013-18 Robert C. Edgar, all rights reserved.
https://drive5.com/usearch

License: sophie.marre@uca.fr

Time loading reference: 00:00:00
Time loading forward index: 00:00:00
Time loading mirror index: 00:00:00
Seeded quality full-index search: 00:00:00
# reads processed: 10675
# reads with at least one reported alignment: 1109 (10.39%)
# reads that failed to align: 9566 (89.61%)
Reported 2340 paired-end alignments
Time searching: 00:00:00
Overall time: 00:00:00
usearch v11.0.667_i86linux32, 4.0Gb RAM (32.8Gb total), 8 cores
(C) Copyright 2013-18 Robert C. Edgar, all rights reserved.
https://drive5.com/usearch

License: sophie.marre@uca.fr

Time loading reference: 00:00:00
Time loading forward index: 00:00:00
Time loading mirror index: 00:00:00
Seeded quality full-index search: 00:00:01
# reads processed: 10675
# reads with at least one reported alignment: 1109 (10.39%)
# reads that failed to align: 9566 (89.61%)
Reported 2340 paired-end alignments
Time searching: 00:00:01
Overall time: 00:00:01
usearch v11.0.667_i86linux32, 4.0Gb RAM (32.8Gb total), 8 cores
(C) Copyright 2013-18 Robert C. Edgar, all rights reserved.
https://drive5.com/usearch

License: sophie.marre@uca.fr

Time loading reference: 00:00:00
Time loading forward index: 00:00:00
Time loading mirror index: 00:00:00
Seeded quality full-index search: 00:00:00
# reads processed: 10675
# reads with at least one reported alignment: 1109 (10.39%)
# reads that failed to align: 9566 (89.61%)
Reported 2340 paired-end alignments
Time searching: 00:00:00
Overall time: 00:00:00
usearch v11.0.667_i86linux32, 4.0Gb RAM (32.8Gb total), 8 cores
(C) Copyright 2013-18 Robert C. Edgar, all rights reserved.
https://drive5.com/usearch

License: sophie.marre@uca.fr

Time loading reference: 00:00:00
Time loading forward index: 00:00:00
Time loading mirror index: 00:00:00
Seeded quality full-index search: 00:00:01
# reads processed: 10675
# reads with at least one reported alignment: 1109 (10.39%)
# reads that failed to align: 9566 (89.61%)
Reported 2340 paired-end alignments
Time searching: 00:00:01
Overall time: 00:00:01
usearch v11.0.667_i86linux32, 4.0Gb RAM (32.8Gb total), 8 cores
(C) Copyright 2013-18 Robert C. Edgar, all rights reserved.
https://drive5.com/usearch

License: sophie.marre@uca.fr

Time loading reference: 00:00:00
Time loading forward index: 00:00:00
Time loading mirror index: 00:00:00
Seeded quality full-index search: 00:00:00
# reads processed: 10675
# reads with at least one reported alignment: 1109 (10.39%)
# reads that failed to align: 9566 (89.61%)
Reported 2340 paired-end alignments
Time searching: 00:00:00
Overall time: 00:00:00
usearch v11.0.667_i86linux32, 4.0Gb RAM (32.8Gb total), 8 cores
(C) Copyright 2013-18 Robert C. Edgar, all rights reserved.
https://drive5.com/usearch

License: sophie.marre@uca.fr

Time loading reference: 00:00:00
Time loading forward index: 00:00:00
Time loading mirror index: 00:00:00
Seeded quality full-index search: 00:00:00
# reads processed: 10675
# reads with at least one reported alignment: 1109 (10.39%)
# reads that failed to align: 9566 (89.61%)
Reported 2340 paired-end alignments
Time searching: 00:00:00
Overall time: 00:00:00
usearch v11.0.667_i86linux32, 4.0Gb RAM (32.8Gb total), 8 cores
(C) Copyright 2013-18 Robert C. Edgar, all rights reserved.
https://drive5.com/usearch

License: sophie.marre@uca.fr

Time loading reference: 00:00:00
Time loading forward index: 00:00:00
Time loading mirror index: 00:00:00
Seeded quality full-index search: 00:00:01
# reads processed: 10675
# reads with at least one reported alignment: 1109 (10.39%)
# reads that failed to align: 9566 (89.61%)
Reported 2340 paired-end alignments
Time searching: 00:00:01
Overall time: 00:00:01
usearch v11.0.667_i86linux32, 4.0Gb RAM (32.8Gb total), 8 cores
(C) Copyright 2013-18 Robert C. Edgar, all rights reserved.
https://drive5.com/usearch

License: sophie.marre@uca.fr

Time loading reference: 00:00:00
Time loading forward index: 00:00:00
Time loading mirror index: 00:00:00
Seeded quality full-index search: 00:00:00
# reads processed: 10675
# reads with at least one reported alignment: 1109 (10.39%)
# reads that failed to align: 9566 (89.61%)
Reported 2340 paired-end alignments
Time searching: 00:00:00
Overall time: 00:00:00
usearch v11.0.667_i86linux32, 4.0Gb RAM (32.8Gb total), 8 cores
(C) Copyright 2013-18 Robert C. Edgar, all rights reserved.
https://drive5.com/usearch

License: sophie.marre@uca.fr

Time loading reference: 00:00:00
Time loading forward index: 00:00:00
Time loading mirror index: 00:00:00
Seeded quality full-index search: 00:00:01
# reads processed: 10675
# reads with at least one reported alignment: 1109 (10.39%)
# reads that failed to align: 9566 (89.61%)
Reported 2340 paired-end alignments
Time searching: 00:00:01
Overall time: 00:00:01
usearch v11.0.667_i86linux32, 4.0Gb RAM (32.8Gb total), 8 cores
(C) Copyright 2013-18 Robert C. Edgar, all rights reserved.
https://drive5.com/usearch

License: sophie.marre@uca.fr

Time loading reference: 00:00:00
Time loading forward index: 00:00:00
Time loading mirror index: 00:00:00
Seeded quality full-index search: 00:00:00
# reads processed: 10675
# reads with at least one reported alignment: 1109 (10.39%)
# reads that failed to align: 9566 (89.61%)
Reported 2340 paired-end alignments
Time searching: 00:00:00
Overall time: 00:00:00
usearch v11.0.667_i86linux32, 4.0Gb RAM (32.8Gb total), 8 cores
(C) Copyright 2013-18 Robert C. Edgar, all rights reserved.
https://drive5.com/usearch

License: sophie.marre@uca.fr

Time loading reference: 00:00:00
Time loading forward index: 00:00:00
Time loading mirror index: 00:00:00
Seeded quality full-index search: 00:00:01
# reads processed: 10675
# reads with at least one reported alignment: 1109 (10.39%)
# reads that failed to align: 9566 (89.61%)
Reported 2340 paired-end alignments
Time searching: 00:00:01
Overall time: 00:00:01
usearch v11.0.667_i86linux32, 4.0Gb RAM (32.8Gb total), 8 cores
(C) Copyright 2013-18 Robert C. Edgar, all rights reserved.
https://drive5.com/usearch

License: sophie.marre@uca.fr

Time loading reference: 00:00:00
Time loading forward index: 00:00:00
Time loading mirror index: 00:00:00
Seeded quality full-index search: 00:00:00
# reads processed: 10675
# reads with at least one reported alignment: 1109 (10.39%)
# reads that failed to align: 9566 (89.61%)
Reported 2340 paired-end alignments
Time searching: 00:00:00
Overall time: 00:00:00
usearch v11.0.667_i86linux32, 4.0Gb RAM (32.8Gb total), 8 cores
(C) Copyright 2013-18 Robert C. Edgar, all rights reserved.
https://drive5.com/usearch

License: sophie.marre@uca.fr

Time loading reference: 00:00:00
Time loading forward index: 00:00:00
Time loading mirror index: 00:00:00
Seeded quality full-index search: 00:00:01
# reads processed: 10675
# reads with at least one reported alignment: 1109 (10.39%)
# reads that failed to align: 9566 (89.61%)
Reported 2340 paired-end alignments
Time searching: 00:00:01
Overall time: 00:00:01
usearch v11.0.667_i86linux32, 4.0Gb RAM (32.8Gb total), 8 cores
(C) Copyright 2013-18 Robert C. Edgar, all rights reserved.
https://drive5.com/usearch

License: sophie.marre@uca.fr

Time loading reference: 00:00:00
Time loading forward index: 00:00:00
Time loading mirror index: 00:00:00
Seeded quality full-index search: 00:00:00
# reads processed: 10675
# reads with at least one reported alignment: 1109 (10.39%)
# reads that failed to align: 9566 (89.61%)
Reported 2340 paired-end alignments
Time searching: 00:00:00
Overall time: 00:00:00
usearch v11.0.667_i86linux32, 4.0Gb RAM (32.8Gb total), 8 cores
(C) Copyright 2013-18 Robert C. Edgar, all rights reserved.
https://drive5.com/usearch

License: sophie.marre@uca.fr

Time loading reference: 00:00:00
Time loading forward index: 00:00:00
Time loading mirror index: 00:00:00
Seeded quality full-index search: 00:00:00
# reads processed: 10675
# reads with at least one reported alignment: 1109 (10.39%)
# reads that failed to align: 9566 (89.61%)
Reported 2340 paired-end alignments
Time searching: 00:00:00
Overall time: 00:00:00
usearch v11.0.667_i86linux32, 4.0Gb RAM (32.8Gb total), 8 cores
(C) Copyright 2013-18 Robert C. Edgar, all rights reserved.
https://drive5.com/usearch

License: sophie.marre@uca.fr

Time loading reference: 00:00:00
Time loading forward index: 00:00:00
Time loading mirror index: 00:00:00
Seeded quality full-index search: 00:00:01
# reads processed: 10675
# reads with at least one reported alignment: 1109 (10.39%)
# reads that failed to align: 9566 (89.61%)
Reported 2340 paired-end alignments
Time searching: 00:00:01
Overall time: 00:00:01
usearch v11.0.667_i86linux32, 4.0Gb RAM (32.8Gb total), 8 cores
(C) Copyright 2013-18 Robert C. Edgar, all rights reserved.
https://drive5.com/usearch

License: sophie.marre@uca.fr

Time loading reference: 00:00:00
Time loading forward index: 00:00:00
Time loading mirror index: 00:00:00
Seeded quality full-index search: 00:00:01
# reads processed: 10675
# reads with at least one reported alignment: 1109 (10.39%)
# reads that failed to align: 9566 (89.61%)
Reported 2340 paired-end alignments
Time searching: 00:00:01
Overall time: 00:00:01
usearch v11.0.667_i86linux32, 4.0Gb RAM (32.8Gb total), 8 cores
(C) Copyright 2013-18 Robert C. Edgar, all rights reserved.
https://drive5.com/usearch

License: sophie.marre@uca.fr

Time loading reference: 00:00:00
Time loading forward index: 00:00:00
Time loading mirror index: 00:00:00
Seeded quality full-index search: 00:00:00
# reads processed: 10675
# reads with at least one reported alignment: 1109 (10.39%)
# reads that failed to align: 9566 (89.61%)
Reported 2340 paired-end alignments
Time searching: 00:00:00
Overall time: 00:00:00
usearch v11.0.667_i86linux32, 4.0Gb RAM (32.8Gb total), 8 cores
(C) Copyright 2013-18 Robert C. Edgar, all rights reserved.
https://drive5.com/usearch

License: sophie.marre@uca.fr

Time loading reference: 00:00:00
Time loading forward index: 00:00:00
Time loading mirror index: 00:00:00
Seeded quality full-index search: 00:00:00
# reads processed: 10675
# reads with at least one reported alignment: 1109 (10.39%)
# reads that failed to align: 9566 (89.61%)
Reported 2340 paired-end alignments
Time searching: 00:00:00
Overall time: 00:00:00
usearch v11.0.667_i86linux32, 4.0Gb RAM (32.8Gb total), 8 cores
(C) Copyright 2013-18 Robert C. Edgar, all rights reserved.
https://drive5.com/usearch

License: sophie.marre@uca.fr

Time loading reference: 00:00:00
Time loading forward index: 00:00:00
Time loading mirror index: 00:00:00
Seeded quality full-index search: 00:00:01
# reads processed: 10675
# reads with at least one reported alignment: 1109 (10.39%)
# reads that failed to align: 9566 (89.61%)
Reported 2340 paired-end alignments
Time searching: 00:00:01
Overall time: 00:00:01
usearch v11.0.667_i86linux32, 4.0Gb RAM (32.8Gb total), 8 cores
(C) Copyright 2013-18 Robert C. Edgar, all rights reserved.
https://drive5.com/usearch

License: sophie.marre@uca.fr

Time loading reference: 00:00:00
Time loading forward index: 00:00:00
Time loading mirror index: 00:00:00
Seeded quality full-index search: 00:00:00
# reads processed: 10675
# reads with at least one reported alignment: 1109 (10.39%)
# reads that failed to align: 9566 (89.61%)
Reported 2340 paired-end alignments
Time searching: 00:00:00
Overall time: 00:00:00
usearch v11.0.667_i86linux32, 4.0Gb RAM (32.8Gb total), 8 cores
(C) Copyright 2013-18 Robert C. Edgar, all rights reserved.
https://drive5.com/usearch

License: sophie.marre@uca.fr

Time loading reference: 00:00:00
Time loading forward index: 00:00:00
Time loading mirror index: 00:00:00
Seeded quality full-index search: 00:00:01
# reads processed: 10675
# reads with at least one reported alignment: 1109 (10.39%)
# reads that failed to align: 9566 (89.61%)
Reported 2340 paired-end alignments
Time searching: 00:00:01
Overall time: 00:00:01
usearch v11.0.667_i86linux32, 4.0Gb RAM (32.8Gb total), 8 cores
(C) Copyright 2013-18 Robert C. Edgar, all rights reserved.
https://drive5.com/usearch

License: sophie.marre@uca.fr

Time loading reference: 00:00:00
Time loading forward index: 00:00:00
Time loading mirror index: 00:00:00
Seeded quality full-index search: 00:00:01
# reads processed: 10675
# reads with at least one reported alignment: 1109 (10.39%)
# reads that failed to align: 9566 (89.61%)
Reported 2340 paired-end alignments
Time searching: 00:00:01
Overall time: 00:00:01
usearch v11.0.667_i86linux32, 4.0Gb RAM (32.8Gb total), 8 cores
(C) Copyright 2013-18 Robert C. Edgar, all rights reserved.
https://drive5.com/usearch

License: sophie.marre@uca.fr

Time loading reference: 00:00:00
Time loading forward index: 00:00:00
Time loading mirror index: 00:00:00
Seeded quality full-index search: 00:00:00
# reads processed: 10675
# reads with at least one reported alignment: 1109 (10.39%)
# reads that failed to align: 9566 (89.61%)
Reported 2340 paired-end alignments
Time searching: 00:00:00
Overall time: 00:00:00
usearch v11.0.667_i86linux32, 4.0Gb RAM (32.8Gb total), 8 cores
(C) Copyright 2013-18 Robert C. Edgar, all rights reserved.
https://drive5.com/usearch

License: sophie.marre@uca.fr

Time loading reference: 00:00:00
Time loading forward index: 00:00:00
Time loading mirror index: 00:00:00
Seeded quality full-index search: 00:00:01
# reads processed: 10675
# reads with at least one reported alignment: 1109 (10.39%)
# reads that failed to align: 9566 (89.61%)
Reported 2340 paired-end alignments
Time searching: 00:00:01
Overall time: 00:00:01
usearch v11.0.667_i86linux32, 4.0Gb RAM (32.8Gb total), 8 cores
(C) Copyright 2013-18 Robert C. Edgar, all rights reserved.
https://drive5.com/usearch

License: sophie.marre@uca.fr

Time loading reference: 00:00:00
Time loading forward index: 00:00:00
Time loading mirror index: 00:00:00
Seeded quality full-index search: 00:00:00
# reads processed: 10675
# reads with at least one reported alignment: 1109 (10.39%)
# reads that failed to align: 9566 (89.61%)
Reported 2340 paired-end alignments
Time searching: 00:00:00
Overall time: 00:00:00
usearch v11.0.667_i86linux32, 4.0Gb RAM (32.8Gb total), 8 cores
(C) Copyright 2013-18 Robert C. Edgar, all rights reserved.
https://drive5.com/usearch

License: sophie.marre@uca.fr

Time loading reference: 00:00:00
Time loading forward index: 00:00:00
Time loading mirror index: 00:00:00
Seeded quality full-index search: 00:00:01
# reads processed: 10675
# reads with at least one reported alignment: 1109 (10.39%)
# reads that failed to align: 9566 (89.61%)
Reported 2340 paired-end alignments
Time searching: 00:00:01
Overall time: 00:00:01
usearch v11.0.667_i86linux32, 4.0Gb RAM (32.8Gb total), 8 cores
(C) Copyright 2013-18 Robert C. Edgar, all rights reserved.
https://drive5.com/usearch

License: sophie.marre@uca.fr

Time loading reference: 00:00:00
Time loading forward index: 00:00:00
Time loading mirror index: 00:00:00
Seeded quality full-index search: 00:00:01
# reads processed: 10675
# reads with at least one reported alignment: 1109 (10.39%)
# reads that failed to align: 9566 (89.61%)
Reported 2340 paired-end alignments
Time searching: 00:00:01
Overall time: 00:00:01
usearch v11.0.667_i86linux32, 4.0Gb RAM (32.8Gb total), 8 cores
(C) Copyright 2013-18 Robert C. Edgar, all rights reserved.
https://drive5.com/usearch

License: sophie.marre@uca.fr

Time loading reference: 00:00:00
Time loading forward index: 00:00:00
Time loading mirror index: 00:00:00
Seeded quality full-index search: 00:00:00
# reads processed: 10675
# reads with at least one reported alignment: 1109 (10.39%)
# reads that failed to align: 9566 (89.61%)
Reported 2340 paired-end alignments
Time searching: 00:00:00
Overall time: 00:00:00
usearch v11.0.667_i86linux32, 4.0Gb RAM (32.8Gb total), 8 cores
(C) Copyright 2013-18 Robert C. Edgar, all rights reserved.
https://drive5.com/usearch

License: sophie.marre@uca.fr

Time loading reference: 00:00:00
Time loading forward index: 00:00:00
Time loading mirror index: 00:00:00
Seeded quality full-index search: 00:00:01
# reads processed: 10675
# reads with at least one reported alignment: 1109 (10.39%)
# reads that failed to align: 9566 (89.61%)
Reported 2340 paired-end alignments
Time searching: 00:00:01
Overall time: 00:00:01
usearch v11.0.667_i86linux32, 4.0Gb RAM (32.8Gb total), 8 cores
(C) Copyright 2013-18 Robert C. Edgar, all rights reserved.
https://drive5.com/usearch

License: sophie.marre@uca.fr

Time loading reference: 00:00:00
Time loading forward index: 00:00:00
Time loading mirror index: 00:00:00
Seeded quality full-index search: 00:00:00
# reads processed: 10675
# reads with at least one reported alignment: 1109 (10.39%)
# reads that failed to align: 9566 (89.61%)
Reported 2340 paired-end alignments
Time searching: 00:00:00
Overall time: 00:00:00
usearch v11.0.667_i86linux32, 4.0Gb RAM (32.8Gb total), 8 cores
(C) Copyright 2013-18 Robert C. Edgar, all rights reserved.
https://drive5.com/usearch

License: sophie.marre@uca.fr

Time loading reference: 00:00:00
Time loading forward index: 00:00:00
Time loading mirror index: 00:00:00
Seeded quality full-index search: 00:00:01
# reads processed: 10675
# reads with at least one reported alignment: 1109 (10.39%)
# reads that failed to align: 9566 (89.61%)
Reported 2340 paired-end alignments
Time searching: 00:00:01
Overall time: 00:00:01
usearch v11.0.667_i86linux32, 4.0Gb RAM (32.8Gb total), 8 cores
(C) Copyright 2013-18 Robert C. Edgar, all rights reserved.
https://drive5.com/usearch

License: sophie.marre@uca.fr

Time loading reference: 00:00:00
Time loading forward index: 00:00:00
Time loading mirror index: 00:00:00
Seeded quality full-index search: 00:00:00
# reads processed: 10675
# reads with at least one reported alignment: 1109 (10.39%)
# reads that failed to align: 9566 (89.61%)
Reported 2340 paired-end alignments
Time searching: 00:00:00
Overall time: 00:00:00
usearch v11.0.667_i86linux32, 4.0Gb RAM (32.8Gb total), 8 cores
(C) Copyright 2013-18 Robert C. Edgar, all rights reserved.
https://drive5.com/usearch

License: sophie.marre@uca.fr

Time loading reference: 00:00:00
Time loading forward index: 00:00:00
Time loading mirror index: 00:00:00
Seeded quality full-index search: 00:00:01
# reads processed: 10675
# reads with at least one reported alignment: 1109 (10.39%)
# reads that failed to align: 9566 (89.61%)
Reported 2340 paired-end alignments
Time searching: 00:00:01
Overall time: 00:00:01
usearch v11.0.667_i86linux32, 4.0Gb RAM (32.8Gb total), 8 cores
(C) Copyright 2013-18 Robert C. Edgar, all rights reserved.
https://drive5.com/usearch

License: sophie.marre@uca.fr

Time loading reference: 00:00:00
Time loading forward index: 00:00:00
Time loading mirror index: 00:00:00
Seeded quality full-index search: 00:00:00
# reads processed: 10675
# reads with at least one reported alignment: 1109 (10.39%)
# reads that failed to align: 9566 (89.61%)
Reported 2340 paired-end alignments
Time searching: 00:00:00
Overall time: 00:00:00
usearch v11.0.667_i86linux32, 4.0Gb RAM (32.8Gb total), 8 cores
(C) Copyright 2013-18 Robert C. Edgar, all rights reserved.
https://drive5.com/usearch

License: sophie.marre@uca.fr

Time loading reference: 00:00:00
Time loading forward index: 00:00:00
Time loading mirror index: 00:00:00
Seeded quality full-index search: 00:00:00
# reads processed: 10675
# reads with at least one reported alignment: 1109 (10.39%)
# reads that failed to align: 9566 (89.61%)
Reported 2340 paired-end alignments
Time searching: 00:00:00
Overall time: 00:00:00
usearch v11.0.667_i86linux32, 4.0Gb RAM (32.8Gb total), 8 cores
(C) Copyright 2013-18 Robert C. Edgar, all rights reserved.
https://drive5.com/usearch

License: sophie.marre@uca.fr

Time loading reference: 00:00:00
Time loading forward index: 00:00:00
Time loading mirror index: 00:00:00
Seeded quality full-index search: 00:00:01
# reads processed: 10675
# reads with at least one reported alignment: 1109 (10.39%)
# reads that failed to align: 9566 (89.61%)
Reported 2340 paired-end alignments
Time searching: 00:00:01
Overall time: 00:00:01
usearch v11.0.667_i86linux32, 4.0Gb RAM (32.8Gb total), 8 cores
(C) Copyright 2013-18 Robert C. Edgar, all rights reserved.
https://drive5.com/usearch

License: sophie.marre@uca.fr

Time loading reference: 00:00:00
Time loading forward index: 00:00:00
Time loading mirror index: 00:00:00
Seeded quality full-index search: 00:00:00
# reads processed: 10675
# reads with at least one reported alignment: 1109 (10.39%)
# reads that failed to align: 9566 (89.61%)
Reported 2340 paired-end alignments
Time searching: 00:00:00
Overall time: 00:00:00
usearch v11.0.667_i86linux32, 4.0Gb RAM (32.8Gb total), 8 cores
(C) Copyright 2013-18 Robert C. Edgar, all rights reserved.
https://drive5.com/usearch

License: sophie.marre@uca.fr

Time loading reference: 00:00:00
Time loading forward index: 00:00:00
Time loading mirror index: 00:00:00
Seeded quality full-index search: 00:00:01
# reads processed: 10675
# reads with at least one reported alignment: 1109 (10.39%)
# reads that failed to align: 9566 (89.61%)
Reported 2340 paired-end alignments
Time searching: 00:00:01
Overall time: 00:00:01
usearch v11.0.667_i86linux32, 4.0Gb RAM (32.8Gb total), 8 cores
(C) Copyright 2013-18 Robert C. Edgar, all rights reserved.
https://drive5.com/usearch

License: sophie.marre@uca.fr

Time loading reference: 00:00:00
Time loading forward index: 00:00:00
Time loading mirror index: 00:00:00
Seeded quality full-index search: 00:00:00
# reads processed: 10675
# reads with at least one reported alignment: 1109 (10.39%)
# reads that failed to align: 9566 (89.61%)
Reported 2340 paired-end alignments
Time searching: 00:00:00
Overall time: 00:00:00
usearch v11.0.667_i86linux32, 4.0Gb RAM (32.8Gb total), 8 cores
(C) Copyright 2013-18 Robert C. Edgar, all rights reserved.
https://drive5.com/usearch

License: sophie.marre@uca.fr

Time loading reference: 00:00:00
Time loading forward index: 00:00:00
Time loading mirror index: 00:00:00
Seeded quality full-index search: 00:00:01
# reads processed: 10675
# reads with at least one reported alignment: 1109 (10.39%)
# reads that failed to align: 9566 (89.61%)
Reported 2340 paired-end alignments
Time searching: 00:00:01
Overall time: 00:00:01
usearch v11.0.667_i86linux32, 4.0Gb RAM (32.8Gb total), 8 cores
(C) Copyright 2013-18 Robert C. Edgar, all rights reserved.
https://drive5.com/usearch

License: sophie.marre@uca.fr

Time loading reference: 00:00:00
Time loading forward index: 00:00:00
Time loading mirror index: 00:00:00
Seeded quality full-index search: 00:00:00
# reads processed: 10675
# reads with at least one reported alignment: 1109 (10.39%)
# reads that failed to align: 9566 (89.61%)
Reported 2340 paired-end alignments
Time searching: 00:00:00
Overall time: 00:00:00
usearch v11.0.667_i86linux32, 4.0Gb RAM (32.8Gb total), 8 cores
(C) Copyright 2013-18 Robert C. Edgar, all rights reserved.
https://drive5.com/usearch

License: sophie.marre@uca.fr

Time loading reference: 00:00:00
Time loading forward index: 00:00:00
Time loading mirror index: 00:00:00
Seeded quality full-index search: 00:00:00
# reads processed: 10675
# reads with at least one reported alignment: 1109 (10.39%)
# reads that failed to align: 9566 (89.61%)
Reported 2340 paired-end alignments
Time searching: 00:00:00
Overall time: 00:00:00
usearch v11.0.667_i86linux32, 4.0Gb RAM (32.8Gb total), 8 cores
(C) Copyright 2013-18 Robert C. Edgar, all rights reserved.
https://drive5.com/usearch

License: sophie.marre@uca.fr

Time loading reference: 00:00:00
Time loading forward index: 00:00:00
Time loading mirror index: 00:00:00
Seeded quality full-index search: 00:00:00
# reads processed: 10675
# reads with at least one reported alignment: 1109 (10.39%)
# reads that failed to align: 9566 (89.61%)
Reported 2340 paired-end alignments
Time searching: 00:00:00
Overall time: 00:00:00
usearch v11.0.667_i86linux32, 4.0Gb RAM (32.8Gb total), 8 cores
(C) Copyright 2013-18 Robert C. Edgar, all rights reserved.
https://drive5.com/usearch

License: sophie.marre@uca.fr

Time loading reference: 00:00:00
Time loading forward index: 00:00:00
Time loading mirror index: 00:00:00
Seeded quality full-index search: 00:00:01
# reads processed: 10675
# reads with at least one reported alignment: 1109 (10.39%)
# reads that failed to align: 9566 (89.61%)
Reported 2340 paired-end alignments
Time searching: 00:00:01
Overall time: 00:00:01
usearch v11.0.667_i86linux32, 4.0Gb RAM (32.8Gb total), 8 cores
(C) Copyright 2013-18 Robert C. Edgar, all rights reserved.
https://drive5.com/usearch

License: sophie.marre@uca.fr

Time loading reference: 00:00:00
Time loading forward index: 00:00:00
Time loading mirror index: 00:00:00
Seeded quality full-index search: 00:00:00
# reads processed: 10675
# reads with at least one reported alignment: 1109 (10.39%)
# reads that failed to align: 9566 (89.61%)
Reported 2340 paired-end alignments
Time searching: 00:00:00
Overall time: 00:00:00
usearch v11.0.667_i86linux32, 4.0Gb RAM (32.8Gb total), 8 cores
(C) Copyright 2013-18 Robert C. Edgar, all rights reserved.
https://drive5.com/usearch

License: sophie.marre@uca.fr

Time loading reference: 00:00:00
Time loading forward index: 00:00:00
Time loading mirror index: 00:00:00
Seeded quality full-index search: 00:00:01
# reads processed: 10675
# reads with at least one reported alignment: 1109 (10.39%)
# reads that failed to align: 9566 (89.61%)
Reported 2340 paired-end alignments
Time searching: 00:00:01
Overall time: 00:00:01
usearch v11.0.667_i86linux32, 4.0Gb RAM (32.8Gb total), 8 cores
(C) Copyright 2013-18 Robert C. Edgar, all rights reserved.
https://drive5.com/usearch

License: sophie.marre@uca.fr

Time loading reference: 00:00:00
Time loading forward index: 00:00:00
Time loading mirror index: 00:00:00
Seeded quality full-index search: 00:00:01
# reads processed: 10675
# reads with at least one reported alignment: 1109 (10.39%)
# reads that failed to align: 9566 (89.61%)
Reported 2340 paired-end alignments
Time searching: 00:00:01
Overall time: 00:00:01
usearch v11.0.667_i86linux32, 4.0Gb RAM (32.8Gb total), 8 cores
(C) Copyright 2013-18 Robert C. Edgar, all rights reserved.
https://drive5.com/usearch

License: sophie.marre@uca.fr

Time loading reference: 00:00:00
Time loading forward index: 00:00:00
Time loading mirror index: 00:00:00
Seeded quality full-index search: 00:00:01
# reads processed: 10675
# reads with at least one reported alignment: 1109 (10.39%)
# reads that failed to align: 9566 (89.61%)
Reported 2340 paired-end alignments
Time searching: 00:00:01
Overall time: 00:00:01
usearch v11.0.667_i86linux32, 4.0Gb RAM (32.8Gb total), 8 cores
(C) Copyright 2013-18 Robert C. Edgar, all rights reserved.
https://drive5.com/usearch

License: sophie.marre@uca.fr

Time loading reference: 00:00:00
Time loading forward index: 00:00:00
Time loading mirror index: 00:00:00
Seeded quality full-index search: 00:00:00
# reads processed: 10675
# reads with at least one reported alignment: 1109 (10.39%)
# reads that failed to align: 9566 (89.61%)
Reported 2340 paired-end alignments
Time searching: 00:00:00
Overall time: 00:00:00
usearch v11.0.667_i86linux32, 4.0Gb RAM (32.8Gb total), 8 cores
(C) Copyright 2013-18 Robert C. Edgar, all rights reserved.
https://drive5.com/usearch

License: sophie.marre@uca.fr

Time loading reference: 00:00:00
Time loading forward index: 00:00:00
Time loading mirror index: 00:00:00
Seeded quality full-index search: 00:00:01
# reads processed: 10675
# reads with at least one reported alignment: 1109 (10.39%)
# reads that failed to align: 9566 (89.61%)
Reported 2340 paired-end alignments
Time searching: 00:00:01
Overall time: 00:00:01
usearch v11.0.667_i86linux32, 4.0Gb RAM (32.8Gb total), 8 cores
(C) Copyright 2013-18 Robert C. Edgar, all rights reserved.
https://drive5.com/usearch

License: sophie.marre@uca.fr

Time loading reference: 00:00:00
Time loading forward index: 00:00:00
Time loading mirror index: 00:00:00
Seeded quality full-index search: 00:00:00
# reads processed: 10675
# reads with at least one reported alignment: 1109 (10.39%)
# reads that failed to align: 9566 (89.61%)
Reported 2340 paired-end alignments
Time searching: 00:00:00
Overall time: 00:00:00
usearch v11.0.667_i86linux32, 4.0Gb RAM (32.8Gb total), 8 cores
(C) Copyright 2013-18 Robert C. Edgar, all rights reserved.
https://drive5.com/usearch

License: sophie.marre@uca.fr

Time loading reference: 00:00:00
Time loading forward index: 00:00:00
Time loading mirror index: 00:00:00
Seeded quality full-index search: 00:00:01
# reads processed: 10675
# reads with at least one reported alignment: 1109 (10.39%)
# reads that failed to align: 9566 (89.61%)
Reported 2340 paired-end alignments
Time searching: 00:00:01
Overall time: 00:00:01
usearch v11.0.667_i86linux32, 4.0Gb RAM (32.8Gb total), 8 cores
(C) Copyright 2013-18 Robert C. Edgar, all rights reserved.
https://drive5.com/usearch

License: sophie.marre@uca.fr

Time loading reference: 00:00:00
Time loading forward index: 00:00:00
Time loading mirror index: 00:00:00
Seeded quality full-index search: 00:00:00
# reads processed: 10675
# reads with at least one reported alignment: 1109 (10.39%)
# reads that failed to align: 9566 (89.61%)
Reported 2340 paired-end alignments
Time searching: 00:00:00
Overall time: 00:00:00
usearch v11.0.667_i86linux32, 4.0Gb RAM (32.8Gb total), 8 cores
(C) Copyright 2013-18 Robert C. Edgar, all rights reserved.
https://drive5.com/usearch

License: sophie.marre@uca.fr

Time loading reference: 00:00:00
Time loading forward index: 00:00:00
Time loading mirror index: 00:00:00
Seeded quality full-index search: 00:00:01
# reads processed: 10675
# reads with at least one reported alignment: 1109 (10.39%)
# reads that failed to align: 9566 (89.61%)
Reported 2340 paired-end alignments
Time searching: 00:00:01
Overall time: 00:00:01
usearch v11.0.667_i86linux32, 4.0Gb RAM (32.8Gb total), 8 cores
(C) Copyright 2013-18 Robert C. Edgar, all rights reserved.
https://drive5.com/usearch

License: sophie.marre@uca.fr

Time loading reference: 00:00:00
Time loading forward index: 00:00:00
Time loading mirror index: 00:00:00
Seeded quality full-index search: 00:00:00
# reads processed: 10675
# reads with at least one reported alignment: 1109 (10.39%)
# reads that failed to align: 9566 (89.61%)
Reported 2340 paired-end alignments
Time searching: 00:00:00
Overall time: 00:00:00
usearch v11.0.667_i86linux32, 4.0Gb RAM (32.8Gb total), 8 cores
(C) Copyright 2013-18 Robert C. Edgar, all rights reserved.
https://drive5.com/usearch

License: sophie.marre@uca.fr

Time loading reference: 00:00:00
Time loading forward index: 00:00:00
Time loading mirror index: 00:00:00
Seeded quality full-index search: 00:00:00
# reads processed: 10675
# reads with at least one reported alignment: 1109 (10.39%)
# reads that failed to align: 9566 (89.61%)
Reported 2340 paired-end alignments
Time searching: 00:00:00
Overall time: 00:00:00
EMIRGE finished at Wed Jan  6 10:16:36 2021.  Total time: 0:15:19.320985
Merging iterations into fasta sequence... 
Saving results...
Reconstructing 16S18S using EMIRGE ends successfully on : mer. 06 janv. 2021 10:16:37 CET

~~~~~~~~~~~~~~~~~~~~~~~~~~~~~~~~~~~~~~~~~~~~~~~~~~~~~~~~~~~~~~~~~~~~~~~~~~~~~~~~~~~~~~~~~~~~~~~~~~~~
Taxonomic classification using sklearn classifier of QIIME2020.8 ... mer. 06 janv. 2021 10:16:42 CET
~~~~~~~~~~~~~~~~~~~~~~~~~~~~~~~~~~~~~~~~~~~~~~~~~~~~~~~~~~~~~~~~~~~~~~~~~~~~~~~~~~~~~~~~~~~~~~~~~~~~

Sklearn Database = /home/oshchakoory/Documents/Databases/qiime2020.8_silva138/silva-138-99-nb-classifier.qza
Importing data ...
Imported /home/oshchakoory/Documents/MG/output_emirge/SRR5381736_renamed_16S18S_recons.fasta as DNASequencesDirectoryFormat to /home/oshchakoory/Documents/MG/tax_class_sklearn_qiime2/SRR5381736_renamed_16S18S_recons_qiime2.qza
Classifying reconstructed sequences using sklearn_classifer...
Saved FeatureData[Taxonomy] to: /home/oshchakoory/Documents/MG/tax_class_sklearn_qiime2/SRR5381736_renamed_16S18S_recons_qiime2_taxonomy.qza
Archive:  /home/oshchakoory/Documents/MG/tax_class_sklearn_qiime2/SRR5381736_renamed_16S18S_recons_qiime2_taxonomy.qza
  inflating: taxonomy.tsv            
Taxonomic classification using sklearn_classifer ends successfully on : mer. 06 janv. 2021 10:28:17 CET
